25-Apr-2019 16:57:08.055 INFORMACIÓN [main] org.apache.catalina.startup.VersionLoggerListener.log Server version:        Apache Tomcat/8.5.40
25-Apr-2019 16:57:08.061 INFORMACIÓN [main] org.apache.catalina.startup.VersionLoggerListener.log Server built:          Apr 10 2019 14:31:19 UTC
25-Apr-2019 16:57:08.061 INFORMACIÓN [main] org.apache.catalina.startup.VersionLoggerListener.log Server number:         8.5.40.0
25-Apr-2019 16:57:08.061 INFORMACIÓN [main] org.apache.catalina.startup.VersionLoggerListener.log OS Name:               Linux
25-Apr-2019 16:57:08.062 INFORMACIÓN [main] org.apache.catalina.startup.VersionLoggerListener.log OS Version:            4.9.0-8-amd64
25-Apr-2019 16:57:08.062 INFORMACIÓN [main] org.apache.catalina.startup.VersionLoggerListener.log Architecture:          amd64
25-Apr-2019 16:57:08.062 INFORMACIÓN [main] org.apache.catalina.startup.VersionLoggerListener.log Java Home:             /usr/lib/jvm/java-8-openjdk-amd64/jre
25-Apr-2019 16:57:08.062 INFORMACIÓN [main] org.apache.catalina.startup.VersionLoggerListener.log JVM Version:           1.8.0_212-8u212-b01-1~deb9u1-b01
25-Apr-2019 16:57:08.062 INFORMACIÓN [main] org.apache.catalina.startup.VersionLoggerListener.log JVM Vendor:            Oracle Corporation
25-Apr-2019 16:57:08.062 INFORMACIÓN [main] org.apache.catalina.startup.VersionLoggerListener.log CATALINA_BASE:         /opt/CAS/apache-tomcat-8.5.40
25-Apr-2019 16:57:08.063 INFORMACIÓN [main] org.apache.catalina.startup.VersionLoggerListener.log CATALINA_HOME:         /opt/CAS/apache-tomcat-8.5.40
25-Apr-2019 16:57:08.063 INFORMACIÓN [main] org.apache.catalina.startup.VersionLoggerListener.log Command line argument: -Djava.util.logging.config.file=/opt/CAS/apache-tomcat-8.5.40/conf/logging.properties
25-Apr-2019 16:57:08.073 INFORMACIÓN [main] org.apache.catalina.startup.VersionLoggerListener.log Command line argument: -Djava.util.logging.manager=org.apache.juli.ClassLoaderLogManager
25-Apr-2019 16:57:08.074 INFORMACIÓN [main] org.apache.catalina.startup.VersionLoggerListener.log Command line argument: -Djdk.tls.ephemeralDHKeySize=2048
25-Apr-2019 16:57:08.074 INFORMACIÓN [main] org.apache.catalina.startup.VersionLoggerListener.log Command line argument: -Djava.protocol.handler.pkgs=org.apache.catalina.webresources
25-Apr-2019 16:57:08.075 INFORMACIÓN [main] org.apache.catalina.startup.VersionLoggerListener.log Command line argument: -Dorg.apache.catalina.security.SecurityListener.UMASK=0027
25-Apr-2019 16:57:08.075 INFORMACIÓN [main] org.apache.catalina.startup.VersionLoggerListener.log Command line argument: -Dignore.endorsed.dirs=
25-Apr-2019 16:57:08.077 INFORMACIÓN [main] org.apache.catalina.startup.VersionLoggerListener.log Command line argument: -Dcatalina.base=/opt/CAS/apache-tomcat-8.5.40
25-Apr-2019 16:57:08.077 INFORMACIÓN [main] org.apache.catalina.startup.VersionLoggerListener.log Command line argument: -Dcatalina.home=/opt/CAS/apache-tomcat-8.5.40
25-Apr-2019 16:57:08.078 INFORMACIÓN [main] org.apache.catalina.startup.VersionLoggerListener.log Command line argument: -Djava.io.tmpdir=/opt/CAS/apache-tomcat-8.5.40/temp
25-Apr-2019 16:57:08.080 INFORMACIÓN [main] org.apache.catalina.core.AprLifecycleListener.lifecycleEvent La biblioteca nativa de Apache Tomcat basada en ARP que permite un rendimiento óptimo en entornos de desarrollo no ha sido hallada en java.library.path: [/usr/java/packages/lib/amd64:/usr/lib/x86_64-linux-gnu/jni:/lib/x86_64-linux-gnu:/usr/lib/x86_64-linux-gnu:/usr/lib/jni:/lib:/usr/lib]
25-Apr-2019 16:57:08.490 INFORMACIÓN [main] org.apache.coyote.AbstractProtocol.init Initializing ProtocolHandler ["http-nio-8090"]
25-Apr-2019 16:57:08.591 INFORMACIÓN [main] org.apache.tomcat.util.net.NioSelectorPool.getSharedSelector Using a shared selector for servlet write/read
25-Apr-2019 16:57:08.655 INFORMACIÓN [main] org.apache.coyote.AbstractProtocol.init Initializing ProtocolHandler ["ajp-nio-8019"]
25-Apr-2019 16:57:08.668 INFORMACIÓN [main] org.apache.tomcat.util.net.NioSelectorPool.getSharedSelector Using a shared selector for servlet write/read
25-Apr-2019 16:57:08.676 INFORMACIÓN [main] org.apache.catalina.startup.Catalina.load Initialization processed in 2229 ms
25-Apr-2019 16:57:08.802 INFORMACIÓN [main] org.apache.catalina.core.StandardService.startInternal Arrancando servicio [Catalina]
25-Apr-2019 16:57:08.817 INFORMACIÓN [main] org.apache.catalina.core.StandardEngine.startInternal Starting Servlet Engine: Apache Tomcat/8.5.40
25-Apr-2019 16:57:08.926 INFORMACIÓN [localhost-startStop-1] org.apache.catalina.startup.HostConfig.deployWAR Despliegue del archivo [/opt/CAS/apache-tomcat-8.5.40/webapps/cas-server-webapp-4.0.0.war] de la aplicación web
25-Apr-2019 16:57:20.510 INFORMACIÓN [localhost-startStop-1] org.apache.jasper.servlet.TldScanner.scanJars Al menos un JAR, que se ha explorado buscando TLDs, aún no contenía TLDs. Activar historial de depuración para este historiador para una completa lista de los JARs que fueron explorados y de los que nos se halló TLDs. Saltarse JARs no necesarios durante la exploración puede dar lugar a una mejora de tiempo significativa en el arranque y compilación de JSP .
25-Apr-2019 16:57:49.029 INFORMACIÓN [localhost-startStop-1] org.apache.catalina.startup.HostConfig.deployWAR Deployment of web application archive [/opt/CAS/apache-tomcat-8.5.40/webapps/cas-server-webapp-4.0.0.war] has finished in [40.103] ms
25-Apr-2019 16:57:49.037 INFORMACIÓN [localhost-startStop-1] org.apache.catalina.startup.HostConfig.deployDirectory Despliegue del directorio [/opt/CAS/apache-tomcat-8.5.40/webapps/manager] de la aplicación web
25-Apr-2019 16:57:49.129 INFORMACIÓN [localhost-startStop-1] org.apache.catalina.startup.HostConfig.deployDirectory Deployment of web application directory [/opt/CAS/apache-tomcat-8.5.40/webapps/manager] has finished in [91] ms
25-Apr-2019 16:57:49.130 INFORMACIÓN [localhost-startStop-1] org.apache.catalina.startup.HostConfig.deployDirectory Despliegue del directorio [/opt/CAS/apache-tomcat-8.5.40/webapps/docs] de la aplicación web
25-Apr-2019 16:57:49.179 INFORMACIÓN [localhost-startStop-1] org.apache.catalina.startup.HostConfig.deployDirectory Deployment of web application directory [/opt/CAS/apache-tomcat-8.5.40/webapps/docs] has finished in [49] ms
25-Apr-2019 16:57:49.180 INFORMACIÓN [localhost-startStop-1] org.apache.catalina.startup.HostConfig.deployDirectory Despliegue del directorio [/opt/CAS/apache-tomcat-8.5.40/webapps/host-manager] de la aplicación web
25-Apr-2019 16:57:49.237 INFORMACIÓN [localhost-startStop-1] org.apache.catalina.startup.HostConfig.deployDirectory Deployment of web application directory [/opt/CAS/apache-tomcat-8.5.40/webapps/host-manager] has finished in [57] ms
25-Apr-2019 16:57:49.238 INFORMACIÓN [localhost-startStop-1] org.apache.catalina.startup.HostConfig.deployDirectory Despliegue del directorio [/opt/CAS/apache-tomcat-8.5.40/webapps/ROOT] de la aplicación web
25-Apr-2019 16:57:49.294 INFORMACIÓN [localhost-startStop-1] org.apache.catalina.startup.HostConfig.deployDirectory Deployment of web application directory [/opt/CAS/apache-tomcat-8.5.40/webapps/ROOT] has finished in [56] ms
25-Apr-2019 16:57:49.295 INFORMACIÓN [localhost-startStop-1] org.apache.catalina.startup.HostConfig.deployDirectory Despliegue del directorio [/opt/CAS/apache-tomcat-8.5.40/webapps/examples] de la aplicación web
25-Apr-2019 16:57:50.274 INFORMACIÓN [localhost-startStop-1] org.apache.catalina.startup.HostConfig.deployDirectory Deployment of web application directory [/opt/CAS/apache-tomcat-8.5.40/webapps/examples] has finished in [979] ms
25-Apr-2019 16:57:50.312 INFORMACIÓN [main] org.apache.coyote.AbstractProtocol.start Starting ProtocolHandler ["http-nio-8090"]
25-Apr-2019 16:57:50.421 INFORMACIÓN [main] org.apache.coyote.AbstractProtocol.start Starting ProtocolHandler ["ajp-nio-8019"]
25-Apr-2019 16:57:50.462 INFORMACIÓN [main] org.apache.catalina.startup.Catalina.start Server startup in 41784 ms
25-Apr-2019 18:33:14.540 INFORMACIÓN [main] org.apache.catalina.core.StandardServer.await Se ha recibido un comando de apagado a través del puerto de apagado. Parando la instancia del Servidor.
25-Apr-2019 18:33:14.542 INFORMACIÓN [main] org.apache.coyote.AbstractProtocol.pause Pausing ProtocolHandler ["http-nio-8090"]
25-Apr-2019 18:33:14.548 INFORMACIÓN [main] org.apache.coyote.AbstractProtocol.pause Pausing ProtocolHandler ["ajp-nio-8019"]
25-Apr-2019 18:33:14.556 INFORMACIÓN [main] org.apache.catalina.core.StandardService.stopInternal Parando servicio [Catalina]
25-Apr-2019 18:33:14.823 ADVERTENCIA [localhost-startStop-2] org.apache.catalina.loader.WebappClassLoaderBase.clearReferencesThreads The web application [cas-server-webapp-4.0.0] appears to have started a thread named [perf4j-async-stats-appender-sink-CoalescingStatistics] but has failed to stop it. This is very likely to create a memory leak. Stack trace of thread:
 sun.misc.Unsafe.park(Native Method)
 java.util.concurrent.locks.LockSupport.parkNanos(LockSupport.java:215)
 java.util.concurrent.locks.AbstractQueuedSynchronizer$ConditionObject.awaitNanos(AbstractQueuedSynchronizer.java:2078)
 java.util.concurrent.ArrayBlockingQueue.poll(ArrayBlockingQueue.java:418)
 org.perf4j.helpers.GenericAsyncCoalescingStatisticsAppender$StopWatchesFromQueueIterator.getNext(GenericAsyncCoalescingStatisticsAppender.java:388)
 org.perf4j.helpers.GenericAsyncCoalescingStatisticsAppender$StopWatchesFromQueueIterator.hasNext(GenericAsyncCoalescingStatisticsAppender.java:349)
 org.perf4j.helpers.GroupingStatisticsIterator.getNext(GroupingStatisticsIterator.java:149)
 org.perf4j.helpers.GroupingStatisticsIterator.hasNext(GroupingStatisticsIterator.java:102)
 org.perf4j.helpers.GenericAsyncCoalescingStatisticsAppender$Dispatcher.run(GenericAsyncCoalescingStatisticsAppender.java:314)
 java.lang.Thread.run(Thread.java:748)
25-Apr-2019 18:33:14.824 ADVERTENCIA [localhost-startStop-2] org.apache.catalina.loader.WebappClassLoaderBase.clearReferencesThreads The web application [cas-server-webapp-4.0.0] appears to have started a thread named [FileWatchdog] but has failed to stop it. This is very likely to create a memory leak. Stack trace of thread:
 java.lang.Thread.sleep(Native Method)
 org.apache.log4j.helpers.FileWatchdog.run(FileWatchdog.java:104)
25-Apr-2019 18:33:14.825 ADVERTENCIA [localhost-startStop-2] org.apache.catalina.loader.WebappClassLoaderBase.clearReferencesThreads The web application [cas-server-webapp-4.0.0] appears to have started a thread named [scheduler_Worker-1] but has failed to stop it. This is very likely to create a memory leak. Stack trace of thread:
 java.lang.Object.wait(Native Method)
 org.quartz.simpl.SimpleThreadPool$WorkerThread.run(SimpleThreadPool.java:519)
25-Apr-2019 18:33:14.826 ADVERTENCIA [localhost-startStop-2] org.apache.catalina.loader.WebappClassLoaderBase.clearReferencesThreads The web application [cas-server-webapp-4.0.0] appears to have started a thread named [scheduler_Worker-2] but has failed to stop it. This is very likely to create a memory leak. Stack trace of thread:
 java.lang.Object.wait(Native Method)
 org.quartz.simpl.SimpleThreadPool$WorkerThread.run(SimpleThreadPool.java:519)
25-Apr-2019 18:33:14.828 ADVERTENCIA [localhost-startStop-2] org.apache.catalina.loader.WebappClassLoaderBase.clearReferencesThreads The web application [cas-server-webapp-4.0.0] appears to have started a thread named [scheduler_Worker-6] but has failed to stop it. This is very likely to create a memory leak. Stack trace of thread:
 java.lang.Object.wait(Native Method)
 org.quartz.simpl.SimpleThreadPool$WorkerThread.run(SimpleThreadPool.java:519)
25-Apr-2019 18:33:14.829 ADVERTENCIA [localhost-startStop-2] org.apache.catalina.loader.WebappClassLoaderBase.clearReferencesThreads The web application [cas-server-webapp-4.0.0] appears to have started a thread named [scheduler_Worker-7] but has failed to stop it. This is very likely to create a memory leak. Stack trace of thread:
 java.lang.Object.wait(Native Method)
 org.quartz.simpl.SimpleThreadPool$WorkerThread.run(SimpleThreadPool.java:519)
25-Apr-2019 18:33:14.831 ADVERTENCIA [localhost-startStop-2] org.apache.catalina.loader.WebappClassLoaderBase.clearReferencesThreads The web application [cas-server-webapp-4.0.0] appears to have started a thread named [scheduler_Worker-8] but has failed to stop it. This is very likely to create a memory leak. Stack trace of thread:
 java.lang.Object.wait(Native Method)
 org.quartz.simpl.SimpleThreadPool$WorkerThread.run(SimpleThreadPool.java:519)
25-Apr-2019 18:33:14.832 ADVERTENCIA [localhost-startStop-2] org.apache.catalina.loader.WebappClassLoaderBase.clearReferencesThreads The web application [cas-server-webapp-4.0.0] appears to have started a thread named [scheduler_Worker-9] but has failed to stop it. This is very likely to create a memory leak. Stack trace of thread:
 java.lang.Object.wait(Native Method)
 org.quartz.simpl.SimpleThreadPool$WorkerThread.run(SimpleThreadPool.java:519)
25-Apr-2019 18:33:14.834 ADVERTENCIA [localhost-startStop-2] org.apache.catalina.loader.WebappClassLoaderBase.clearReferencesThreads The web application [cas-server-webapp-4.0.0] appears to have started a thread named [scheduler_Worker-10] but has failed to stop it. This is very likely to create a memory leak. Stack trace of thread:
 java.lang.Object.wait(Native Method)
 org.quartz.simpl.SimpleThreadPool$WorkerThread.run(SimpleThreadPool.java:519)
25-Apr-2019 18:33:14.835 GRAVE [localhost-startStop-2] org.apache.catalina.loader.WebappClassLoaderBase.checkThreadLocalMapForLeaks La aplicación web [cas-server-webapp-4.0.0] creó un ThreadLocal con clave del tipo [java.lang.ThreadLocal] (valor [java.lang.ThreadLocal@9370278]) y un valor del tipo [org.springframework.security.core.context.SecurityContextImpl] (valor [org.springframework.security.core.context.SecurityContextImpl@ffffffff: Null authentication]) pero no pudo quitarlo cuando la aplicación web se paró. Los hilos se van a renovar con el tiempo para intentar evitar in posible fallo de memoria.
25-Apr-2019 18:33:14.836 GRAVE [localhost-startStop-2] org.apache.catalina.loader.WebappClassLoaderBase.checkThreadLocalMapForLeaks La aplicación web [cas-server-webapp-4.0.0] creó un ThreadLocal con clave del tipo [java.lang.ThreadLocal] (valor [java.lang.ThreadLocal@9370278]) y un valor del tipo [org.springframework.security.core.context.SecurityContextImpl] (valor [org.springframework.security.core.context.SecurityContextImpl@ffffffff: Null authentication]) pero no pudo quitarlo cuando la aplicación web se paró. Los hilos se van a renovar con el tiempo para intentar evitar in posible fallo de memoria.
25-Apr-2019 18:33:14.836 GRAVE [localhost-startStop-2] org.apache.catalina.loader.WebappClassLoaderBase.checkThreadLocalMapForLeaks La aplicación web [cas-server-webapp-4.0.0] creó un ThreadLocal con clave del tipo [java.lang.ThreadLocal] (valor [java.lang.ThreadLocal@9370278]) y un valor del tipo [org.springframework.security.core.context.SecurityContextImpl] (valor [org.springframework.security.core.context.SecurityContextImpl@ffffffff: Null authentication]) pero no pudo quitarlo cuando la aplicación web se paró. Los hilos se van a renovar con el tiempo para intentar evitar in posible fallo de memoria.
25-Apr-2019 18:33:14.873 INFORMACIÓN [main] org.apache.coyote.AbstractProtocol.stop Stopping ProtocolHandler ["http-nio-8090"]
25-Apr-2019 18:33:14.879 INFORMACIÓN [main] org.apache.coyote.AbstractProtocol.stop Stopping ProtocolHandler ["ajp-nio-8019"]
25-Apr-2019 18:33:14.887 INFORMACIÓN [main] org.apache.coyote.AbstractProtocol.destroy Destroying ProtocolHandler ["http-nio-8090"]
25-Apr-2019 18:33:14.888 INFORMACIÓN [main] org.apache.coyote.AbstractProtocol.destroy Destroying ProtocolHandler ["ajp-nio-8019"]
