Performance Statistics   2019-04-21 16:48:00 - 2019-04-21 16:49:00
Tag                                                  Avg(ms)         Min         Max     Std Dev       Count

Performance Statistics   2019-04-21 16:49:00 - 2019-04-21 16:50:00
Tag                                                  Avg(ms)         Min         Max     Std Dev       Count

Performance Statistics   2019-04-21 16:50:00 - 2019-04-21 16:51:00
Tag                                                  Avg(ms)         Min         Max     Std Dev       Count

Performance Statistics   2019-04-21 16:51:00 - 2019-04-21 16:52:00
Tag                                                  Avg(ms)         Min         Max     Std Dev       Count

Performance Statistics   2019-04-21 16:52:00 - 2019-04-21 16:53:00
Tag                                                  Avg(ms)         Min         Max     Std Dev       Count
AUTHENTICATE                                            68,0          68          68         0,0           1
CREATE_TICKET_GRANTING_TICKET                          118,0         118         118         0,0           1

Performance Statistics   2019-04-21 16:53:00 - 2019-04-21 16:54:00
Tag                                                  Avg(ms)         Min         Max     Std Dev       Count

Performance Statistics   2019-04-21 16:54:00 - 2019-04-21 16:55:00
Tag                                                  Avg(ms)         Min         Max     Std Dev       Count

Performance Statistics   2019-04-21 16:55:00 - 2019-04-21 16:56:00
Tag                                                  Avg(ms)         Min         Max     Std Dev       Count

Performance Statistics   2019-04-21 16:56:00 - 2019-04-21 16:57:00
Tag                                                  Avg(ms)         Min         Max     Std Dev       Count

Performance Statistics   2019-04-21 16:57:00 - 2019-04-21 16:58:00
Tag                                                  Avg(ms)         Min         Max     Std Dev       Count

Performance Statistics   2019-04-21 16:58:00 - 2019-04-21 16:59:00
Tag                                                  Avg(ms)         Min         Max     Std Dev       Count

Performance Statistics   2019-04-21 16:59:00 - 2019-04-21 17:00:00
Tag                                                  Avg(ms)         Min         Max     Std Dev       Count

Performance Statistics   2019-04-21 17:00:00 - 2019-04-21 17:01:00
Tag                                                  Avg(ms)         Min         Max     Std Dev       Count

Performance Statistics   2019-04-21 17:01:00 - 2019-04-21 17:02:00
Tag                                                  Avg(ms)         Min         Max     Std Dev       Count

Performance Statistics   2019-04-21 17:02:00 - 2019-04-21 17:03:00
Tag                                                  Avg(ms)         Min         Max     Std Dev       Count

Performance Statistics   2019-04-21 17:03:00 - 2019-04-21 17:04:00
Tag                                                  Avg(ms)         Min         Max     Std Dev       Count

Performance Statistics   2019-04-21 17:04:00 - 2019-04-21 17:05:00
Tag                                                  Avg(ms)         Min         Max     Std Dev       Count

Performance Statistics   2019-04-21 17:05:00 - 2019-04-21 17:06:00
Tag                                                  Avg(ms)         Min         Max     Std Dev       Count

Performance Statistics   2019-04-21 17:06:00 - 2019-04-21 17:07:00
Tag                                                  Avg(ms)         Min         Max     Std Dev       Count

Performance Statistics   2019-04-21 17:07:00 - 2019-04-21 17:08:00
Tag                                                  Avg(ms)         Min         Max     Std Dev       Count

Performance Statistics   2019-04-21 17:08:00 - 2019-04-21 17:09:00
Tag                                                  Avg(ms)         Min         Max     Std Dev       Count

Performance Statistics   2019-04-21 17:09:00 - 2019-04-21 17:10:00
Tag                                                  Avg(ms)         Min         Max     Std Dev       Count

Performance Statistics   2019-04-21 17:10:00 - 2019-04-21 17:11:00
Tag                                                  Avg(ms)         Min         Max     Std Dev       Count

Performance Statistics   2019-04-21 17:11:00 - 2019-04-21 17:12:00
Tag                                                  Avg(ms)         Min         Max     Std Dev       Count

Performance Statistics   2019-04-21 17:12:00 - 2019-04-21 17:13:00
Tag                                                  Avg(ms)         Min         Max     Std Dev       Count

Performance Statistics   2019-04-21 17:13:00 - 2019-04-21 17:14:00
Tag                                                  Avg(ms)         Min         Max     Std Dev       Count

Performance Statistics   2019-04-21 17:14:00 - 2019-04-21 17:15:00
Tag                                                  Avg(ms)         Min         Max     Std Dev       Count

Performance Statistics   2019-04-21 17:15:00 - 2019-04-21 17:16:00
Tag                                                  Avg(ms)         Min         Max     Std Dev       Count

Performance Statistics   2019-04-21 17:16:00 - 2019-04-21 17:17:00
Tag                                                  Avg(ms)         Min         Max     Std Dev       Count

Performance Statistics   2019-04-21 17:17:00 - 2019-04-21 17:18:00
Tag                                                  Avg(ms)         Min         Max     Std Dev       Count

Performance Statistics   2019-04-21 17:18:00 - 2019-04-21 17:19:00
Tag                                                  Avg(ms)         Min         Max     Std Dev       Count

Performance Statistics   2019-04-21 17:19:00 - 2019-04-21 17:20:00
Tag                                                  Avg(ms)         Min         Max     Std Dev       Count

Performance Statistics   2019-04-21 17:20:00 - 2019-04-21 17:21:00
Tag                                                  Avg(ms)         Min         Max     Std Dev       Count

Performance Statistics   2019-04-21 17:21:00 - 2019-04-21 17:22:00
Tag                                                  Avg(ms)         Min         Max     Std Dev       Count

Performance Statistics   2019-04-21 17:22:00 - 2019-04-21 17:23:00
Tag                                                  Avg(ms)         Min         Max     Std Dev       Count

Performance Statistics   2019-04-21 17:23:00 - 2019-04-21 17:24:00
Tag                                                  Avg(ms)         Min         Max     Std Dev       Count

Performance Statistics   2019-04-21 17:24:00 - 2019-04-21 17:25:00
Tag                                                  Avg(ms)         Min         Max     Std Dev       Count

Performance Statistics   2019-04-21 17:25:00 - 2019-04-21 17:26:00
Tag                                                  Avg(ms)         Min         Max     Std Dev       Count

Performance Statistics   2019-04-21 17:26:00 - 2019-04-21 17:27:00
Tag                                                  Avg(ms)         Min         Max     Std Dev       Count

Performance Statistics   2019-04-21 17:27:00 - 2019-04-21 17:28:00
Tag                                                  Avg(ms)         Min         Max     Std Dev       Count

Performance Statistics   2019-04-21 17:28:00 - 2019-04-21 17:29:00
Tag                                                  Avg(ms)         Min         Max     Std Dev       Count

Performance Statistics   2019-04-21 17:29:00 - 2019-04-21 17:30:00
Tag                                                  Avg(ms)         Min         Max     Std Dev       Count

Performance Statistics   2019-04-21 17:30:00 - 2019-04-21 17:31:00
Tag                                                  Avg(ms)         Min         Max     Std Dev       Count

Performance Statistics   2019-04-21 17:31:00 - 2019-04-21 17:32:00
Tag                                                  Avg(ms)         Min         Max     Std Dev       Count

Performance Statistics   2019-04-21 17:32:00 - 2019-04-21 17:33:00
Tag                                                  Avg(ms)         Min         Max     Std Dev       Count

Performance Statistics   2019-04-21 17:33:00 - 2019-04-21 17:34:00
Tag                                                  Avg(ms)         Min         Max     Std Dev       Count

Performance Statistics   2019-04-21 17:34:00 - 2019-04-21 17:35:00
Tag                                                  Avg(ms)         Min         Max     Std Dev       Count

Performance Statistics   2019-04-21 17:35:00 - 2019-04-21 17:36:00
Tag                                                  Avg(ms)         Min         Max     Std Dev       Count

Performance Statistics   2019-04-21 17:36:00 - 2019-04-21 17:37:00
Tag                                                  Avg(ms)         Min         Max     Std Dev       Count

Performance Statistics   2019-04-21 17:37:00 - 2019-04-21 17:38:00
Tag                                                  Avg(ms)         Min         Max     Std Dev       Count

Performance Statistics   2019-04-21 17:38:00 - 2019-04-21 17:39:00
Tag                                                  Avg(ms)         Min         Max     Std Dev       Count

Performance Statistics   2019-04-21 17:39:00 - 2019-04-21 17:40:00
Tag                                                  Avg(ms)         Min         Max     Std Dev       Count

Performance Statistics   2019-04-21 17:40:00 - 2019-04-21 17:41:00
Tag                                                  Avg(ms)         Min         Max     Std Dev       Count

Performance Statistics   2019-04-21 17:41:00 - 2019-04-21 17:42:00
Tag                                                  Avg(ms)         Min         Max     Std Dev       Count

Performance Statistics   2019-04-21 17:42:00 - 2019-04-21 17:43:00
Tag                                                  Avg(ms)         Min         Max     Std Dev       Count

Performance Statistics   2019-04-21 17:43:00 - 2019-04-21 17:44:00
Tag                                                  Avg(ms)         Min         Max     Std Dev       Count

Performance Statistics   2019-04-21 17:44:00 - 2019-04-21 17:45:00
Tag                                                  Avg(ms)         Min         Max     Std Dev       Count

Performance Statistics   2019-04-21 17:45:00 - 2019-04-21 17:46:00
Tag                                                  Avg(ms)         Min         Max     Std Dev       Count

Performance Statistics   2019-04-21 17:46:00 - 2019-04-21 17:47:00
Tag                                                  Avg(ms)         Min         Max     Std Dev       Count

Performance Statistics   2019-04-21 17:47:00 - 2019-04-21 17:48:00
Tag                                                  Avg(ms)         Min         Max     Std Dev       Count

Performance Statistics   2019-04-21 17:48:00 - 2019-04-21 17:49:00
Tag                                                  Avg(ms)         Min         Max     Std Dev       Count

Performance Statistics   2019-04-21 17:49:00 - 2019-04-21 17:50:00
Tag                                                  Avg(ms)         Min         Max     Std Dev       Count

Performance Statistics   2019-04-21 17:50:00 - 2019-04-21 17:51:00
Tag                                                  Avg(ms)         Min         Max     Std Dev       Count

Performance Statistics   2019-04-21 17:51:00 - 2019-04-21 17:52:00
Tag                                                  Avg(ms)         Min         Max     Std Dev       Count

Performance Statistics   2019-04-21 17:52:00 - 2019-04-21 17:53:00
Tag                                                  Avg(ms)         Min         Max     Std Dev       Count

Performance Statistics   2019-04-21 17:53:00 - 2019-04-21 17:54:00
Tag                                                  Avg(ms)         Min         Max     Std Dev       Count

Performance Statistics   2019-04-21 17:54:00 - 2019-04-21 17:55:00
Tag                                                  Avg(ms)         Min         Max     Std Dev       Count

Performance Statistics   2019-04-21 17:55:00 - 2019-04-21 17:56:00
Tag                                                  Avg(ms)         Min         Max     Std Dev       Count

Performance Statistics   2019-04-21 17:56:00 - 2019-04-21 17:57:00
Tag                                                  Avg(ms)         Min         Max     Std Dev       Count

Performance Statistics   2019-04-21 17:57:00 - 2019-04-21 17:58:00
Tag                                                  Avg(ms)         Min         Max     Std Dev       Count

Performance Statistics   2019-04-21 17:58:00 - 2019-04-21 17:59:00
Tag                                                  Avg(ms)         Min         Max     Std Dev       Count

Performance Statistics   2019-04-21 17:59:00 - 2019-04-21 18:00:00
Tag                                                  Avg(ms)         Min         Max     Std Dev       Count

Performance Statistics   2019-04-21 18:00:00 - 2019-04-21 18:01:00
Tag                                                  Avg(ms)         Min         Max     Std Dev       Count

Performance Statistics   2019-04-21 18:01:00 - 2019-04-21 18:02:00
Tag                                                  Avg(ms)         Min         Max     Std Dev       Count

Performance Statistics   2019-04-21 18:02:00 - 2019-04-21 18:03:00
Tag                                                  Avg(ms)         Min         Max     Std Dev       Count

Performance Statistics   2019-04-21 18:03:00 - 2019-04-21 18:04:00
Tag                                                  Avg(ms)         Min         Max     Std Dev       Count

Performance Statistics   2019-04-21 18:04:00 - 2019-04-21 18:05:00
Tag                                                  Avg(ms)         Min         Max     Std Dev       Count

Performance Statistics   2019-04-21 18:05:00 - 2019-04-21 18:06:00
Tag                                                  Avg(ms)         Min         Max     Std Dev       Count

Performance Statistics   2019-04-21 18:06:00 - 2019-04-21 18:07:00
Tag                                                  Avg(ms)         Min         Max     Std Dev       Count

Performance Statistics   2019-04-21 18:07:00 - 2019-04-21 18:08:00
Tag                                                  Avg(ms)         Min         Max     Std Dev       Count

Performance Statistics   2019-04-21 18:08:00 - 2019-04-21 18:09:00
Tag                                                  Avg(ms)         Min         Max     Std Dev       Count

Performance Statistics   2019-04-21 18:09:00 - 2019-04-21 18:10:00
Tag                                                  Avg(ms)         Min         Max     Std Dev       Count

Performance Statistics   2019-04-21 18:10:00 - 2019-04-21 18:11:00
Tag                                                  Avg(ms)         Min         Max     Std Dev       Count

Performance Statistics   2019-04-21 18:11:00 - 2019-04-21 18:12:00
Tag                                                  Avg(ms)         Min         Max     Std Dev       Count
AUTHENTICATE                                            13,0          13          13         0,0           1
CREATE_TICKET_GRANTING_TICKET                           25,0          25          25         0,0           1
GRANT_SERVICE_TICKET                                     3,0           3           3         0,0           1
VALIDATE_SERVICE_TICKET                                136,0         136         136         0,0           1

Performance Statistics   2019-04-21 18:12:00 - 2019-04-21 18:13:00
Tag                                                  Avg(ms)         Min         Max     Std Dev       Count

Performance Statistics   2019-04-21 18:13:00 - 2019-04-21 18:14:00
Tag                                                  Avg(ms)         Min         Max     Std Dev       Count

Performance Statistics   2019-04-21 18:14:00 - 2019-04-21 18:15:00
Tag                                                  Avg(ms)         Min         Max     Std Dev       Count

Performance Statistics   2019-04-21 18:15:00 - 2019-04-21 18:16:00
Tag                                                  Avg(ms)         Min         Max     Std Dev       Count

Performance Statistics   2019-04-21 18:16:00 - 2019-04-21 18:17:00
Tag                                                  Avg(ms)         Min         Max     Std Dev       Count

Performance Statistics   2019-04-21 18:17:00 - 2019-04-21 18:18:00
Tag                                                  Avg(ms)         Min         Max     Std Dev       Count

Performance Statistics   2019-04-21 18:18:00 - 2019-04-21 18:19:00
Tag                                                  Avg(ms)         Min         Max     Std Dev       Count

Performance Statistics   2019-04-21 18:19:00 - 2019-04-21 18:20:00
Tag                                                  Avg(ms)         Min         Max     Std Dev       Count

Performance Statistics   2019-04-21 18:20:00 - 2019-04-21 18:21:00
Tag                                                  Avg(ms)         Min         Max     Std Dev       Count

Performance Statistics   2019-04-21 18:21:00 - 2019-04-21 18:22:00
Tag                                                  Avg(ms)         Min         Max     Std Dev       Count

Performance Statistics   2019-04-25 16:58:00 - 2019-04-25 16:59:00
Tag                                                  Avg(ms)         Min         Max     Std Dev       Count
AUTHENTICATE                                            63,0          63          63         0,0           1
CREATE_TICKET_GRANTING_TICKET                          128,0         128         128         0,0           1

Performance Statistics   2019-04-25 16:59:00 - 2019-04-25 17:00:00
Tag                                                  Avg(ms)         Min         Max     Std Dev       Count
AUTHENTICATE                                             8,5           8           9         0,5           2
CREATE_TICKET_GRANTING_TICKET                           14,5          11          18         3,5           2
GRANT_SERVICE_TICKET                                    13,0           3          23        10,0           2
VALIDATE_SERVICE_TICKET                                 63,5           1         126        62,5           2

Performance Statistics   2019-04-25 17:00:00 - 2019-04-25 17:01:00
Tag                                                  Avg(ms)         Min         Max     Std Dev       Count

Performance Statistics   2019-04-25 17:01:00 - 2019-04-25 17:02:00
Tag                                                  Avg(ms)         Min         Max     Std Dev       Count

Performance Statistics   2019-04-25 17:02:00 - 2019-04-25 17:03:00
Tag                                                  Avg(ms)         Min         Max     Std Dev       Count

Performance Statistics   2019-04-25 17:03:00 - 2019-04-25 17:04:00
Tag                                                  Avg(ms)         Min         Max     Std Dev       Count

Performance Statistics   2019-04-25 17:04:00 - 2019-04-25 17:05:00
Tag                                                  Avg(ms)         Min         Max     Std Dev       Count

Performance Statistics   2019-04-25 17:05:00 - 2019-04-25 17:06:00
Tag                                                  Avg(ms)         Min         Max     Std Dev       Count

Performance Statistics   2019-04-25 17:06:00 - 2019-04-25 17:07:00
Tag                                                  Avg(ms)         Min         Max     Std Dev       Count

Performance Statistics   2019-04-25 17:07:00 - 2019-04-25 17:08:00
Tag                                                  Avg(ms)         Min         Max     Std Dev       Count

Performance Statistics   2019-04-25 17:08:00 - 2019-04-25 17:09:00
Tag                                                  Avg(ms)         Min         Max     Std Dev       Count

Performance Statistics   2019-04-25 17:09:00 - 2019-04-25 17:10:00
Tag                                                  Avg(ms)         Min         Max     Std Dev       Count

Performance Statistics   2019-04-25 17:10:00 - 2019-04-25 17:11:00
Tag                                                  Avg(ms)         Min         Max     Std Dev       Count

Performance Statistics   2019-04-25 17:11:00 - 2019-04-25 17:12:00
Tag                                                  Avg(ms)         Min         Max     Std Dev       Count

Performance Statistics   2019-04-25 17:12:00 - 2019-04-25 17:13:00
Tag                                                  Avg(ms)         Min         Max     Std Dev       Count

Performance Statistics   2019-04-25 17:13:00 - 2019-04-25 17:14:00
Tag                                                  Avg(ms)         Min         Max     Std Dev       Count

Performance Statistics   2019-04-25 17:14:00 - 2019-04-25 17:15:00
Tag                                                  Avg(ms)         Min         Max     Std Dev       Count

Performance Statistics   2019-04-25 17:15:00 - 2019-04-25 17:16:00
Tag                                                  Avg(ms)         Min         Max     Std Dev       Count

Performance Statistics   2019-04-25 17:16:00 - 2019-04-25 17:17:00
Tag                                                  Avg(ms)         Min         Max     Std Dev       Count

Performance Statistics   2019-04-25 17:17:00 - 2019-04-25 17:18:00
Tag                                                  Avg(ms)         Min         Max     Std Dev       Count

Performance Statistics   2019-04-25 17:18:00 - 2019-04-25 17:19:00
Tag                                                  Avg(ms)         Min         Max     Std Dev       Count

Performance Statistics   2019-04-25 17:19:00 - 2019-04-25 17:20:00
Tag                                                  Avg(ms)         Min         Max     Std Dev       Count

Performance Statistics   2019-04-25 17:20:00 - 2019-04-25 17:21:00
Tag                                                  Avg(ms)         Min         Max     Std Dev       Count

Performance Statistics   2019-04-25 17:21:00 - 2019-04-25 17:22:00
Tag                                                  Avg(ms)         Min         Max     Std Dev       Count

Performance Statistics   2019-04-25 17:22:00 - 2019-04-25 17:23:00
Tag                                                  Avg(ms)         Min         Max     Std Dev       Count

Performance Statistics   2019-04-25 17:23:00 - 2019-04-25 17:24:00
Tag                                                  Avg(ms)         Min         Max     Std Dev       Count

Performance Statistics   2019-04-25 17:24:00 - 2019-04-25 17:25:00
Tag                                                  Avg(ms)         Min         Max     Std Dev       Count

Performance Statistics   2019-04-25 17:25:00 - 2019-04-25 17:26:00
Tag                                                  Avg(ms)         Min         Max     Std Dev       Count

Performance Statistics   2019-04-25 17:26:00 - 2019-04-25 17:27:00
Tag                                                  Avg(ms)         Min         Max     Std Dev       Count

Performance Statistics   2019-04-25 17:27:00 - 2019-04-25 17:28:00
Tag                                                  Avg(ms)         Min         Max     Std Dev       Count

Performance Statistics   2019-04-25 17:28:00 - 2019-04-25 17:29:00
Tag                                                  Avg(ms)         Min         Max     Std Dev       Count

Performance Statistics   2019-04-25 17:29:00 - 2019-04-25 17:30:00
Tag                                                  Avg(ms)         Min         Max     Std Dev       Count

Performance Statistics   2019-04-25 17:30:00 - 2019-04-25 17:31:00
Tag                                                  Avg(ms)         Min         Max     Std Dev       Count

Performance Statistics   2019-04-25 17:31:00 - 2019-04-25 17:32:00
Tag                                                  Avg(ms)         Min         Max     Std Dev       Count

Performance Statistics   2019-04-25 17:32:00 - 2019-04-25 17:33:00
Tag                                                  Avg(ms)         Min         Max     Std Dev       Count

Performance Statistics   2019-04-25 17:33:00 - 2019-04-25 17:34:00
Tag                                                  Avg(ms)         Min         Max     Std Dev       Count

Performance Statistics   2019-04-25 17:34:00 - 2019-04-25 17:35:00
Tag                                                  Avg(ms)         Min         Max     Std Dev       Count

Performance Statistics   2019-04-25 17:35:00 - 2019-04-25 17:36:00
Tag                                                  Avg(ms)         Min         Max     Std Dev       Count

Performance Statistics   2019-04-25 17:36:00 - 2019-04-25 17:37:00
Tag                                                  Avg(ms)         Min         Max     Std Dev       Count

Performance Statistics   2019-04-25 17:37:00 - 2019-04-25 17:38:00
Tag                                                  Avg(ms)         Min         Max     Std Dev       Count

Performance Statistics   2019-04-25 17:38:00 - 2019-04-25 17:39:00
Tag                                                  Avg(ms)         Min         Max     Std Dev       Count

Performance Statistics   2019-04-25 17:39:00 - 2019-04-25 17:40:00
Tag                                                  Avg(ms)         Min         Max     Std Dev       Count

Performance Statistics   2019-04-25 17:40:00 - 2019-04-25 17:41:00
Tag                                                  Avg(ms)         Min         Max     Std Dev       Count

Performance Statistics   2019-04-25 17:41:00 - 2019-04-25 17:42:00
Tag                                                  Avg(ms)         Min         Max     Std Dev       Count

Performance Statistics   2019-04-25 17:42:00 - 2019-04-25 17:43:00
Tag                                                  Avg(ms)         Min         Max     Std Dev       Count

Performance Statistics   2019-04-25 17:43:00 - 2019-04-25 17:44:00
Tag                                                  Avg(ms)         Min         Max     Std Dev       Count

Performance Statistics   2019-04-25 17:44:00 - 2019-04-25 17:45:00
Tag                                                  Avg(ms)         Min         Max     Std Dev       Count

Performance Statistics   2019-04-25 17:45:00 - 2019-04-25 17:46:00
Tag                                                  Avg(ms)         Min         Max     Std Dev       Count

Performance Statistics   2019-04-25 17:46:00 - 2019-04-25 17:47:00
Tag                                                  Avg(ms)         Min         Max     Std Dev       Count

Performance Statistics   2019-04-25 17:47:00 - 2019-04-25 17:48:00
Tag                                                  Avg(ms)         Min         Max     Std Dev       Count

Performance Statistics   2019-04-25 17:48:00 - 2019-04-25 17:49:00
Tag                                                  Avg(ms)         Min         Max     Std Dev       Count

Performance Statistics   2019-04-25 17:49:00 - 2019-04-25 17:50:00
Tag                                                  Avg(ms)         Min         Max     Std Dev       Count

Performance Statistics   2019-04-25 17:50:00 - 2019-04-25 17:51:00
Tag                                                  Avg(ms)         Min         Max     Std Dev       Count

Performance Statistics   2019-04-25 17:51:00 - 2019-04-25 17:52:00
Tag                                                  Avg(ms)         Min         Max     Std Dev       Count

Performance Statistics   2019-04-25 17:52:00 - 2019-04-25 17:53:00
Tag                                                  Avg(ms)         Min         Max     Std Dev       Count

Performance Statistics   2019-04-25 17:53:00 - 2019-04-25 17:54:00
Tag                                                  Avg(ms)         Min         Max     Std Dev       Count

Performance Statistics   2019-04-25 17:54:00 - 2019-04-25 17:55:00
Tag                                                  Avg(ms)         Min         Max     Std Dev       Count

Performance Statistics   2019-04-25 17:55:00 - 2019-04-25 17:56:00
Tag                                                  Avg(ms)         Min         Max     Std Dev       Count

Performance Statistics   2019-04-25 17:56:00 - 2019-04-25 17:57:00
Tag                                                  Avg(ms)         Min         Max     Std Dev       Count

Performance Statistics   2019-04-25 17:57:00 - 2019-04-25 17:58:00
Tag                                                  Avg(ms)         Min         Max     Std Dev       Count

Performance Statistics   2019-04-25 17:58:00 - 2019-04-25 17:59:00
Tag                                                  Avg(ms)         Min         Max     Std Dev       Count

Performance Statistics   2019-04-25 17:59:00 - 2019-04-25 18:00:00
Tag                                                  Avg(ms)         Min         Max     Std Dev       Count

Performance Statistics   2019-04-25 18:00:00 - 2019-04-25 18:01:00
Tag                                                  Avg(ms)         Min         Max     Std Dev       Count

Performance Statistics   2019-04-25 18:01:00 - 2019-04-25 18:02:00
Tag                                                  Avg(ms)         Min         Max     Std Dev       Count

Performance Statistics   2019-04-25 18:02:00 - 2019-04-25 18:03:00
Tag                                                  Avg(ms)         Min         Max     Std Dev       Count

Performance Statistics   2019-04-25 18:03:00 - 2019-04-25 18:04:00
Tag                                                  Avg(ms)         Min         Max     Std Dev       Count

Performance Statistics   2019-04-25 18:04:00 - 2019-04-25 18:05:00
Tag                                                  Avg(ms)         Min         Max     Std Dev       Count

Performance Statistics   2019-04-25 18:05:00 - 2019-04-25 18:06:00
Tag                                                  Avg(ms)         Min         Max     Std Dev       Count

Performance Statistics   2019-04-25 18:06:00 - 2019-04-25 18:07:00
Tag                                                  Avg(ms)         Min         Max     Std Dev       Count

Performance Statistics   2019-04-25 18:07:00 - 2019-04-25 18:08:00
Tag                                                  Avg(ms)         Min         Max     Std Dev       Count

Performance Statistics   2019-04-25 18:08:00 - 2019-04-25 18:09:00
Tag                                                  Avg(ms)         Min         Max     Std Dev       Count

Performance Statistics   2019-04-25 18:09:00 - 2019-04-25 18:10:00
Tag                                                  Avg(ms)         Min         Max     Std Dev       Count

Performance Statistics   2019-04-25 18:10:00 - 2019-04-25 18:11:00
Tag                                                  Avg(ms)         Min         Max     Std Dev       Count

Performance Statistics   2019-04-25 18:11:00 - 2019-04-25 18:12:00
Tag                                                  Avg(ms)         Min         Max     Std Dev       Count

Performance Statistics   2019-04-25 18:12:00 - 2019-04-25 18:13:00
Tag                                                  Avg(ms)         Min         Max     Std Dev       Count

Performance Statistics   2019-04-25 18:13:00 - 2019-04-25 18:14:00
Tag                                                  Avg(ms)         Min         Max     Std Dev       Count

Performance Statistics   2019-04-25 18:14:00 - 2019-04-25 18:15:00
Tag                                                  Avg(ms)         Min         Max     Std Dev       Count

Performance Statistics   2019-04-25 18:15:00 - 2019-04-25 18:16:00
Tag                                                  Avg(ms)         Min         Max     Std Dev       Count

Performance Statistics   2019-04-25 18:16:00 - 2019-04-25 18:17:00
Tag                                                  Avg(ms)         Min         Max     Std Dev       Count

Performance Statistics   2019-04-25 18:17:00 - 2019-04-25 18:18:00
Tag                                                  Avg(ms)         Min         Max     Std Dev       Count

Performance Statistics   2019-04-25 18:18:00 - 2019-04-25 18:19:00
Tag                                                  Avg(ms)         Min         Max     Std Dev       Count

Performance Statistics   2019-04-25 18:19:00 - 2019-04-25 18:20:00
Tag                                                  Avg(ms)         Min         Max     Std Dev       Count

Performance Statistics   2019-04-25 18:20:00 - 2019-04-25 18:21:00
Tag                                                  Avg(ms)         Min         Max     Std Dev       Count

Performance Statistics   2019-04-25 18:21:00 - 2019-04-25 18:22:00
Tag                                                  Avg(ms)         Min         Max     Std Dev       Count

Performance Statistics   2019-04-25 18:22:00 - 2019-04-25 18:23:00
Tag                                                  Avg(ms)         Min         Max     Std Dev       Count

Performance Statistics   2019-04-25 18:23:00 - 2019-04-25 18:24:00
Tag                                                  Avg(ms)         Min         Max     Std Dev       Count

Performance Statistics   2019-04-25 18:24:00 - 2019-04-25 18:25:00
Tag                                                  Avg(ms)         Min         Max     Std Dev       Count

Performance Statistics   2019-04-25 18:25:00 - 2019-04-25 18:26:00
Tag                                                  Avg(ms)         Min         Max     Std Dev       Count

Performance Statistics   2019-04-25 18:26:00 - 2019-04-25 18:27:00
Tag                                                  Avg(ms)         Min         Max     Std Dev       Count

Performance Statistics   2019-04-25 18:27:00 - 2019-04-25 18:28:00
Tag                                                  Avg(ms)         Min         Max     Std Dev       Count

Performance Statistics   2019-04-25 18:28:00 - 2019-04-25 18:29:00
Tag                                                  Avg(ms)         Min         Max     Std Dev       Count

Performance Statistics   2019-04-25 18:29:00 - 2019-04-25 18:30:00
Tag                                                  Avg(ms)         Min         Max     Std Dev       Count

Performance Statistics   2019-04-25 18:30:00 - 2019-04-25 18:31:00
Tag                                                  Avg(ms)         Min         Max     Std Dev       Count

Performance Statistics   2019-04-25 18:31:00 - 2019-04-25 18:32:00
Tag                                                  Avg(ms)         Min         Max     Std Dev       Count

